<?xml version="1.0" encoding="UTF-8"?>
<robot generator="Robot 7.0.1 (Python 3.12.4 on win32)" generated="2024-07-01T17:06:23.868763" rpa="false" schemaversion="5">
<suite id="s1" name="Sussecceful Register" source="c:\Users\Micael\OneDrive\Área de Trabalho\Carreia Teste\Curso-Alura-Robot Framework\Site Adopet\testes\sussecceful_register.robot">
<test id="s1-t1" name="Verificar se o cadastro de um novo usuário e realizado com sucesso" line="9">
<kw name="Acessar a URL" owner="setup_teardown" type="SETUP">
<kw name="Open Browser" owner="SeleniumLibrary">
<msg time="2024-07-01T17:06:24.512890" level="INFO">Opening browser 'Chrome' to base url 'https://adopet-challenge.vercel.app/'.</msg>
<arg>url=https://adopet-challenge.vercel.app/</arg>
<arg>browser=Chrome</arg>
<doc>Opens a new browser instance to the optional ``url``.</doc>
<status status="PASS" start="2024-07-01T17:06:24.511891" elapsed="3.527312"/>
</kw>
<status status="PASS" start="2024-07-01T17:06:24.510889" elapsed="3.528314"/>
</kw>
<kw name="Dado que o usuário clique em Quero me cadastrar" owner="register">
<kw name="Click Element" owner="SeleniumLibrary">
<msg time="2024-07-01T17:06:28.042203" level="INFO">Clicking element '//a[contains(.,'Quero me cadastrar')]'.</msg>
<arg>//a[contains(.,'Quero me cadastrar')]</arg>
<doc>Click the element identified by ``locator``.</doc>
<status status="PASS" start="2024-07-01T17:06:28.041204" elapsed="0.080061"/>
</kw>
<status status="PASS" start="2024-07-01T17:06:28.040207" elapsed="0.081058"/>
</kw>
<kw name="E preencha email, nome, senha e confirmar senha corretamente e clicar em cadastrar" owner="register">
<kw name="Email" owner="FakerLibrary">
<msg time="2024-07-01T17:06:28.123263" level="INFO">${Email} = ssilveira@example.net</msg>
<var>${Email}</var>
<status status="PASS" start="2024-07-01T17:06:28.122259" elapsed="0.001999"/>
</kw>
<kw name="Input Text" owner="SeleniumLibrary">
<msg time="2024-07-01T17:06:28.124258" level="INFO">Typing text 'ssilveira@example.net' into text field 'id:email'.</msg>
<arg>${CAMPO_EMAIL}</arg>
<arg>${Email}</arg>
<doc>Types the given ``text`` into the text field identified by ``locator``.</doc>
<status status="PASS" start="2024-07-01T17:06:28.124258" elapsed="0.150543"/>
</kw>
<kw name="Name" owner="FakerLibrary">
<msg time="2024-07-01T17:06:28.274801" level="INFO">${Nome} = Benjamin Freitas</msg>
<var>${Nome}</var>
<doc>:example: 'John Doe'</doc>
<status status="PASS" start="2024-07-01T17:06:28.274801" elapsed="0.000000"/>
</kw>
<kw name="Input Text" owner="SeleniumLibrary">
<msg time="2024-07-01T17:06:28.275799" level="INFO">Typing text 'Benjamin Freitas' into text field 'id:name'.</msg>
<arg>${CAMPO_NOME}</arg>
<arg>${Nome}</arg>
<doc>Types the given ``text`` into the text field identified by ``locator``.</doc>
<status status="PASS" start="2024-07-01T17:06:28.275799" elapsed="0.120006"/>
</kw>
<kw name="Password" owner="FakerLibrary">
<msg time="2024-07-01T17:06:28.396799" level="INFO">${Senha} = 5fFg@3Kh#y</msg>
<var>${Senha}</var>
<doc>Generate a random password of the specified ``length``.</doc>
<status status="PASS" start="2024-07-01T17:06:28.396799" elapsed="0.000000"/>
</kw>
<kw name="Input Text" owner="SeleniumLibrary">
<msg time="2024-07-01T17:06:28.397810" level="INFO">Typing text '5fFg@3Kh#y' into text field 'id:password'.</msg>
<arg>${CAMPO_SENHA}</arg>
<arg>${Senha}</arg>
<doc>Types the given ``text`` into the text field identified by ``locator``.</doc>
<status status="PASS" start="2024-07-01T17:06:28.396799" elapsed="0.123587"/>
</kw>
<kw name="Input Text" owner="SeleniumLibrary">
<msg time="2024-07-01T17:06:28.521907" level="INFO">Typing text '5fFg@3Kh#y' into text field 'name:confirmarSenha'.</msg>
<arg>${CONFIRMAR_SENHA}</arg>
<arg>${Senha}</arg>
<doc>Types the given ``text`` into the text field identified by ``locator``.</doc>
<status status="PASS" start="2024-07-01T17:06:28.521387" elapsed="0.090535"/>
</kw>
<kw name="Click Button" owner="SeleniumLibrary">
<msg time="2024-07-01T17:06:28.612922" level="INFO">Clicking button 'class:submit-button'.</msg>
<arg>${CLICAR_BOTAO}</arg>
<doc>Clicks the button identified by ``locator``.</doc>
<status status="PASS" start="2024-07-01T17:06:28.611922" elapsed="0.055524"/>
</kw>
<status status="PASS" start="2024-07-01T17:06:28.122259" elapsed="0.545187"/>
</kw>
<kw name="Entao ele deve ser redirecionado para a página de pets" owner="register">
<kw name="Sleep" owner="BuiltIn">
<msg time="2024-07-01T17:06:30.669886" level="INFO">Slept 2 seconds.</msg>
<arg>2s</arg>
<doc>Pauses the test executed for the given time.</doc>
<status status="PASS" start="2024-07-01T17:06:28.668442" elapsed="2.001444"/>
</kw>
<kw name="Element Should Be Visible" owner="SeleniumLibrary">
<msg time="2024-07-01T17:06:30.688904" level="INFO">Element 'class:pet-container' is displayed.</msg>
<arg>class:pet-container</arg>
<doc>Verifies that the element identified by ``locator`` is visible.</doc>
<status status="PASS" start="2024-07-01T17:06:30.669886" elapsed="0.019018"/>
</kw>
<status status="PASS" start="2024-07-01T17:06:28.668442" elapsed="2.020462"/>
</kw>
<kw name="Fechar browser" owner="setup_teardown" type="TEARDOWN">
<kw name="Close Browser" owner="SeleniumLibrary">
<doc>Closes the current browser.</doc>
<status status="PASS" start="2024-07-01T17:06:30.690907" elapsed="2.136289"/>
</kw>
<status status="PASS" start="2024-07-01T17:06:30.689903" elapsed="2.137293"/>
</kw>
<status status="PASS" start="2024-07-01T17:06:24.509884" elapsed="8.318323"/>
</test>
<status status="PASS" start="2024-07-01T17:06:23.873762" elapsed="8.956439"/>
</suite>
<statistics>
<total>
<stat pass="1" fail="0" skip="0">All Tests</stat>
</total>
<tag>
</tag>
<suite>
<stat pass="1" fail="0" skip="0" id="s1" name="Sussecceful Register">Sussecceful Register</stat>
</suite>
</statistics>
<errors>
</errors>
</robot>
