<?xml version="1.0" encoding="UTF-8"?>
<robot generator="Robot 7.0.1 (Python 3.12.4 on win32)" generated="2024-06-30T13:09:11.296737" rpa="false" schemaversion="5">
<suite id="s1" name="Teste If" source="c:\Users\Micael\OneDrive\Área de Trabalho\Carreia Teste\Curso-Alura-Robot Framework\teste_if.robot">
<test id="s1-t1" name="Exemplo bloco IF" line="12">
<kw name="Log To Console" owner="BuiltIn" type="SETUP">
<arg>${\n}</arg>
<doc>Logs the given message to the console.</doc>
<status status="PASS" start="2024-06-30T13:09:11.324297" elapsed="0.001001"/>
</kw>
<if>
<branch type="IF" condition="${NUMERO} &gt; 0">
<kw name="Mostrar mensagem quando o número for maior que zero">
<status status="NOT RUN" start="2024-06-30T13:09:11.326301" elapsed="0.000000"/>
</kw>
<kw name="Log" owner="BuiltIn">
<arg>message= Você está vendo essa mensagem porque o bloco IF foi executado e sua condição é verdadeira</arg>
<arg>console=True</arg>
<doc>Logs the given message with the given level.</doc>
<status status="NOT RUN" start="2024-06-30T13:09:11.326301" elapsed="0.000000"/>
</kw>
<status status="NOT RUN" start="2024-06-30T13:09:11.325298" elapsed="0.001003"/>
</branch>
<branch type="ELSE">
<kw name="Mostrar mensagem quando o número for menor que zero">
<kw name="Log To Console" owner="BuiltIn">
<arg>O número [${NUMERO}] é menor que zero!</arg>
<doc>Logs the given message to the console.</doc>
<status status="PASS" start="2024-06-30T13:09:11.326301" elapsed="0.000995"/>
</kw>
<status status="PASS" start="2024-06-30T13:09:11.326301" elapsed="0.000995"/>
</kw>
<kw name="Log" owner="BuiltIn">
<msg time="2024-06-30T13:09:11.327296" level="INFO"> Você está vendo essa mensagem porque o bloco IF foi executado e sua condição é falsa</msg>
<arg>message= Você está vendo essa mensagem porque o bloco IF foi executado e sua condição é falsa</arg>
<arg>console=True</arg>
<doc>Logs the given message with the given level.</doc>
<status status="PASS" start="2024-06-30T13:09:11.327296" elapsed="0.003005"/>
</kw>
<status status="PASS" start="2024-06-30T13:09:11.326301" elapsed="0.004000"/>
</branch>
<status status="PASS" start="2024-06-30T13:09:11.325298" elapsed="0.005003"/>
</if>
<kw name="Log To Console" owner="BuiltIn" type="TEARDOWN">
<arg>${\n}</arg>
<doc>Logs the given message to the console.</doc>
<status status="PASS" start="2024-06-30T13:09:11.330951" elapsed="0.000000"/>
</kw>
<status status="PASS" start="2024-06-30T13:09:11.323296" elapsed="0.008668"/>
</test>
<status status="PASS" start="2024-06-30T13:09:11.302843" elapsed="0.030119"/>
</suite>
<statistics>
<total>
<stat pass="1" fail="0" skip="0">All Tests</stat>
</total>
<tag>
</tag>
<suite>
<stat pass="1" fail="0" skip="0" id="s1" name="Teste If">Teste If</stat>
</suite>
</statistics>
<errors>
<msg time="2024-06-30T13:09:11.273513" level="WARN">Error in file 'c:\Users\Micael\OneDrive\Área de Trabalho\Carreia Teste\Curso-Alura-Robot Framework\teste_if.robot' on line 8: Singular section headers like '*** Test Case ***' are deprecated. Use plural format like '*** Test Cases ***' instead.</msg>
</errors>
</robot>
