<?xml version="1.0" encoding="UTF-8"?>
<robot generator="Robot 7.0.1 (Python 3.12.4 on win32)" generated="2024-07-02T15:05:50.791999" rpa="false" schemaversion="5">
<suite id="s1" name="Sussecceful Login" source="c:\Users\Micael\OneDrive\Área de Trabalho\Carreia Teste\Curso-Alura-Robot Framework\Site Adopet\testes\sussecceful_login.robot">
<test id="s1-t1" name="Verificar se o acesso do usuário já cadastrado é efetuado com sucesso" line="9">
<kw name="Acessar a URL" owner="setup_teardown" type="SETUP">
<kw name="Open Browser" owner="SeleniumLibrary">
<msg time="2024-07-02T15:05:51.573050" level="INFO">Opening browser 'Chrome' to base url 'https://adopet-challenge.vercel.app/'.</msg>
<arg>url=https://adopet-challenge.vercel.app/</arg>
<arg>browser=Chrome</arg>
<doc>Opens a new browser instance to the optional ``url``.</doc>
<status status="PASS" start="2024-07-02T15:05:51.573050" elapsed="1.859717"/>
</kw>
<kw name="Maximize Browser Window" owner="SeleniumLibrary">
<doc>Maximizes current browser window.</doc>
<status status="PASS" start="2024-07-02T15:05:53.432767" elapsed="0.036202"/>
</kw>
<status status="PASS" start="2024-07-02T15:05:51.572049" elapsed="1.896920"/>
</kw>
<kw name="Dado que o usuário clique em já tenho conta" owner="register">
<kw name="Click Element" owner="SeleniumLibrary">
<msg time="2024-07-02T15:05:53.468969" level="INFO">Clicking element '//a[contains(.,'Já tenho conta')]'.</msg>
<arg>//a[contains(.,'Já tenho conta')]</arg>
<doc>Click the element identified by ``locator``.</doc>
<status status="PASS" start="2024-07-02T15:05:53.468969" elapsed="0.082910"/>
</kw>
<status status="PASS" start="2024-07-02T15:05:53.468969" elapsed="0.083372"/>
</kw>
<kw name="E insira usuário e senha corretamente e clique em entrar" owner="register">
<kw name="Input Text" owner="SeleniumLibrary">
<msg time="2024-07-02T15:05:53.554166" level="INFO">Typing text 'teste10@email.com' into text field 'id:email'.</msg>
<arg>${CAMPO_EMAIL}</arg>
<arg>teste10@email.com</arg>
<doc>Types the given ``text`` into the text field identified by ``locator``.</doc>
<status status="PASS" start="2024-07-02T15:05:53.553157" elapsed="0.154497"/>
</kw>
<kw name="Input Password" owner="SeleniumLibrary">
<msg time="2024-07-02T15:05:53.707654" level="INFO">Typing password into text field 'id:password'.</msg>
<msg time="2024-07-02T15:05:53.737409" level="INFO">Temporally setting log level to: NONE</msg>
<arg>${CAMPO_SENHA}</arg>
<arg>Senha1234</arg>
<doc>Types the given password into the text field identified by ``locator``.</doc>
<status status="PASS" start="2024-07-02T15:05:53.707654" elapsed="0.099571"/>
</kw>
<kw name="Click Element" owner="SeleniumLibrary">
<msg time="2024-07-02T15:05:53.807225" level="INFO">Clicking element 'class:submit-button'.</msg>
<arg>class:submit-button</arg>
<doc>Click the element identified by ``locator``.</doc>
<status status="PASS" start="2024-07-02T15:05:53.807225" elapsed="0.050050"/>
</kw>
<status status="PASS" start="2024-07-02T15:05:53.553157" elapsed="0.304118"/>
</kw>
<kw name="Entao ele deve ser redirecionado para a página de pets" owner="register">
<kw name="Sleep" owner="BuiltIn">
<msg time="2024-07-02T15:05:55.857339" level="INFO">Slept 2 seconds.</msg>
<arg>2s</arg>
<doc>Pauses the test executed for the given time.</doc>
<status status="PASS" start="2024-07-02T15:05:53.857275" elapsed="2.000064"/>
</kw>
<kw name="Element Should Be Visible" owner="SeleniumLibrary">
<msg time="2024-07-02T15:05:55.867237" level="INFO">Element 'class:pet-container' is displayed.</msg>
<arg>class:pet-container</arg>
<doc>Verifies that the element identified by ``locator`` is visible.</doc>
<status status="PASS" start="2024-07-02T15:05:55.857339" elapsed="0.009898"/>
</kw>
<status status="PASS" start="2024-07-02T15:05:53.857275" elapsed="2.009962"/>
</kw>
<kw name="Fechar browser" owner="setup_teardown" type="TEARDOWN">
<kw name="Capture Page Screenshot" owner="SeleniumLibrary">
<msg time="2024-07-02T15:05:55.987293" level="INFO" html="true">&lt;/td&gt;&lt;/tr&gt;&lt;tr&gt;&lt;td colspan="3"&gt;&lt;a href="selenium-screenshot-18.png"&gt;&lt;img src="selenium-screenshot-18.png" width="800px"&gt;&lt;/a&gt;</msg>
<doc>Takes a screenshot of the current page and embeds it into a log file.</doc>
<status status="PASS" start="2024-07-02T15:05:55.867237" elapsed="0.129613"/>
</kw>
<status status="PASS" start="2024-07-02T15:05:55.867237" elapsed="0.129613"/>
</kw>
<status status="PASS" start="2024-07-02T15:05:51.571048" elapsed="4.426446"/>
</test>
<status status="PASS" start="2024-07-02T15:05:50.797000" elapsed="5.200494"/>
</suite>
<statistics>
<total>
<stat pass="1" fail="0" skip="0">All Tests</stat>
</total>
<tag>
</tag>
<suite>
<stat pass="1" fail="0" skip="0" id="s1" name="Sussecceful Login">Sussecceful Login</stat>
</suite>
</statistics>
<errors>
</errors>
</robot>
