<?xml version="1.0" encoding="UTF-8"?>
<robot generator="Robot 7.0.1 (Python 3.12.4 on win32)" generated="2024-07-01T17:56:50.115556" rpa="false" schemaversion="5">
<suite id="s1" name="Faill Scenario" source="c:\Users\Micael\OneDrive\Área de Trabalho\Carreia Teste\Curso-Alura-Robot Framework\Site Adopet\testes\faill_scenario.robot">
<test id="s1-t1" name="Verificar quando o usuário não digitar as informações na tela de login" line="9">
<kw name="Acessar a URL" owner="setup_teardown" type="SETUP">
<kw name="Open Browser" owner="SeleniumLibrary">
<msg time="2024-07-01T17:56:50.735646" level="INFO">Opening browser 'Chrome' to base url 'https://adopet-challenge.vercel.app/'.</msg>
<arg>url=https://adopet-challenge.vercel.app/</arg>
<arg>browser=Chrome</arg>
<doc>Opens a new browser instance to the optional ``url``.</doc>
<status status="PASS" start="2024-07-01T17:56:50.735646" elapsed="1.619876"/>
</kw>
<status status="PASS" start="2024-07-01T17:56:50.734644" elapsed="1.620878"/>
</kw>
<kw name="Dado que o usuário clique em já tenho conta" owner="register">
<kw name="Click Element" owner="SeleniumLibrary">
<msg time="2024-07-01T17:56:52.357523" level="INFO">Clicking element '//a[contains(.,'Já tenho conta')]'.</msg>
<arg>//a[contains(.,'Já tenho conta')]</arg>
<doc>Click the element identified by ``locator``.</doc>
<status status="PASS" start="2024-07-01T17:56:52.357523" elapsed="0.087012"/>
</kw>
<status status="PASS" start="2024-07-01T17:56:52.356521" elapsed="0.088014"/>
</kw>
<kw name="E clique em entrar sem digitar as credenciais de login" owner="register">
<kw name="Click Button" owner="SeleniumLibrary">
<msg time="2024-07-01T17:56:52.446531" level="INFO">Clicking button 'class:submit-button'.</msg>
<arg>${CLICAR_BOTAO}</arg>
<doc>Clicks the button identified by ``locator``.</doc>
<status status="PASS" start="2024-07-01T17:56:52.445526" elapsed="0.061516"/>
</kw>
<status status="PASS" start="2024-07-01T17:56:52.445526" elapsed="0.061516"/>
</kw>
<kw name="Então deve receber as menssagens de erro para inserir email e senha" owner="register">
<kw name="Element Should Be Visible" owner="SeleniumLibrary">
<msg time="2024-07-01T17:56:52.526584" level="INFO">Element '//div[contains(.,'Insira seu email')]' is displayed.</msg>
<arg>//div[contains(.,'Insira seu email')]</arg>
<doc>Verifies that the element identified by ``locator`` is visible.</doc>
<status status="PASS" start="2024-07-01T17:56:52.508042" elapsed="0.018542"/>
</kw>
<kw name="Element Should Be Visible" owner="SeleniumLibrary">
<msg time="2024-07-01T17:56:52.547112" level="INFO">Element '//div[contains(.,'Insira sua senha')]' is displayed.</msg>
<arg>//div[contains(.,'Insira sua senha')]</arg>
<doc>Verifies that the element identified by ``locator`` is visible.</doc>
<status status="PASS" start="2024-07-01T17:56:52.526584" elapsed="0.020528"/>
</kw>
<status status="PASS" start="2024-07-01T17:56:52.508042" elapsed="0.039070"/>
</kw>
<kw name="Fechar browser" owner="setup_teardown" type="TEARDOWN">
<kw name="Close Browser" owner="SeleniumLibrary">
<doc>Closes the current browser.</doc>
<status status="PASS" start="2024-07-01T17:56:52.548112" elapsed="2.126890"/>
</kw>
<status status="PASS" start="2024-07-01T17:56:52.548112" elapsed="2.126890"/>
</kw>
<status status="PASS" start="2024-07-01T17:56:50.733642" elapsed="3.942359"/>
</test>
<test id="s1-t2" name="Verificar quando o usuário não digitar as informações na tela de cadastro" line="14">
<kw name="Acessar a URL" owner="setup_teardown" type="SETUP">
<kw name="Open Browser" owner="SeleniumLibrary">
<msg time="2024-07-01T17:56:54.678002" level="INFO">Opening browser 'Chrome' to base url 'https://adopet-challenge.vercel.app/'.</msg>
<arg>url=https://adopet-challenge.vercel.app/</arg>
<arg>browser=Chrome</arg>
<doc>Opens a new browser instance to the optional ``url``.</doc>
<status status="PASS" start="2024-07-01T17:56:54.678002" elapsed="1.603440"/>
</kw>
<status status="PASS" start="2024-07-01T17:56:54.677003" elapsed="1.605439"/>
</kw>
<kw name="Dado que o usuário clique em Quero me cadastrar" owner="register">
<kw name="Click Element" owner="SeleniumLibrary">
<msg time="2024-07-01T17:56:56.284467" level="INFO">Clicking element '//a[contains(.,'Quero me cadastrar')]'.</msg>
<arg>//a[contains(.,'Quero me cadastrar')]</arg>
<doc>Click the element identified by ``locator``.</doc>
<status status="PASS" start="2024-07-01T17:56:56.284467" elapsed="0.115511"/>
</kw>
<status status="PASS" start="2024-07-01T17:56:56.283441" elapsed="0.116537"/>
</kw>
<kw name="E clique em cadastrar sem preencher o formulário" owner="register">
<kw name="Click Button" owner="SeleniumLibrary">
<msg time="2024-07-01T17:56:56.400976" level="INFO">Clicking button 'class:submit-button'.</msg>
<arg>${CLICAR_BOTAO}</arg>
<doc>Clicks the button identified by ``locator``.</doc>
<status status="PASS" start="2024-07-01T17:56:56.400976" elapsed="0.057000"/>
</kw>
<status status="PASS" start="2024-07-01T17:56:56.400976" elapsed="0.057000"/>
</kw>
<kw name="Então deve receber as menssagens de erro de compos obrigatórios" owner="register">
<kw name="Element Should Be Visible" owner="SeleniumLibrary">
<msg time="2024-07-01T17:56:56.477976" level="INFO">Element '//div[contains(.,'email é obrigatório')]' is displayed.</msg>
<arg>//div[contains(.,'email é obrigatório')]</arg>
<doc>Verifies that the element identified by ``locator`` is visible.</doc>
<status status="PASS" start="2024-07-01T17:56:56.458979" elapsed="0.018997"/>
</kw>
<kw name="Element Should Be Visible" owner="SeleniumLibrary">
<msg time="2024-07-01T17:56:56.498996" level="INFO">Element '//div[contains(.,'nome é obrigatório')]' is displayed.</msg>
<arg>//div[contains(.,'nome é obrigatório')]</arg>
<doc>Verifies that the element identified by ``locator`` is visible.</doc>
<status status="PASS" start="2024-07-01T17:56:56.477976" elapsed="0.021020"/>
</kw>
<kw name="Element Should Be Visible" owner="SeleniumLibrary">
<msg time="2024-07-01T17:56:56.515514" level="INFO">Element '//div[contains(.,'senha é obrigatória')]' is displayed.</msg>
<arg>//div[contains(.,'senha é obrigatória')]</arg>
<doc>Verifies that the element identified by ``locator`` is visible.</doc>
<status status="PASS" start="2024-07-01T17:56:56.498996" elapsed="0.017518"/>
</kw>
<kw name="Element Should Be Visible" owner="SeleniumLibrary">
<msg time="2024-07-01T17:56:56.531516" level="INFO">Element '//div[contains(.,'confirmação de senha obrigatória')]' is displayed.</msg>
<arg>//div[contains(.,'confirmação de senha obrigatória')]</arg>
<doc>Verifies that the element identified by ``locator`` is visible.</doc>
<status status="PASS" start="2024-07-01T17:56:56.516514" elapsed="0.015002"/>
</kw>
<kw name="Sleep" owner="BuiltIn">
<msg time="2024-07-01T17:57:06.532746" level="INFO">Slept 10 seconds.</msg>
<arg>10s</arg>
<doc>Pauses the test executed for the given time.</doc>
<status status="PASS" start="2024-07-01T17:56:56.532512" elapsed="10.000234"/>
</kw>
<status status="PASS" start="2024-07-01T17:56:56.457976" elapsed="10.074770"/>
</kw>
<kw name="Fechar browser" owner="setup_teardown" type="TEARDOWN">
<kw name="Close Browser" owner="SeleniumLibrary">
<doc>Closes the current browser.</doc>
<status status="PASS" start="2024-07-01T17:57:06.533755" elapsed="3.721667"/>
</kw>
<status status="PASS" start="2024-07-01T17:57:06.533755" elapsed="3.721667"/>
</kw>
<status status="PASS" start="2024-07-01T17:56:54.677003" elapsed="15.579422"/>
</test>
<status status="PASS" start="2024-07-01T17:56:50.120562" elapsed="20.136859"/>
</suite>
<statistics>
<total>
<stat pass="2" fail="0" skip="0">All Tests</stat>
</total>
<tag>
</tag>
<suite>
<stat pass="2" fail="0" skip="0" id="s1" name="Faill Scenario">Faill Scenario</stat>
</suite>
</statistics>
<errors>
</errors>
</robot>
