<?xml version="1.0" encoding="UTF-8"?>
<robot generator="Robot 7.0.1 (Python 3.12.4 on win32)" generated="2024-07-11T16:26:52.979997" rpa="false" schemaversion="5">
<suite id="s1" name="Sussecceful Scenario" source="c:\Users\Micael\OneDrive\Área de Trabalho\Carreia Teste\Curso-Alura-Robot Framework\Site Adopet\testes\sussecceful_scenario.robot">
<test id="s1-t1" name="CT003.002-Verificar icone home na tela inicial" line="26">
<kw name="Acessar a URL" owner="setup_teardown" type="SETUP">
<kw name="Open Browser" owner="SeleniumLibrary">
<msg time="2024-07-11T16:26:53.668423" level="INFO">Opening browser 'Chrome' to base url 'https://adopet-challenge.vercel.app/'.</msg>
<arg>url=https://adopet-challenge.vercel.app/</arg>
<arg>browser=Chrome</arg>
<doc>Opens a new browser instance to the optional ``url``.</doc>
<status status="PASS" start="2024-07-11T16:26:53.668423" elapsed="1.585899"/>
</kw>
<kw name="Maximize Browser Window" owner="SeleniumLibrary">
<doc>Maximizes current browser window.</doc>
<status status="PASS" start="2024-07-11T16:26:55.254322" elapsed="0.041302"/>
</kw>
<status status="PASS" start="2024-07-11T16:26:53.668423" elapsed="1.627201"/>
</kw>
<kw name="Dado que o usuário esteja na tela home do site Adopet" owner="register">
<kw name="Acessar a URL" owner="setup_teardown">
<kw name="Open Browser" owner="SeleniumLibrary">
<msg time="2024-07-11T16:26:55.295624" level="INFO">Opening browser 'Chrome' to base url 'https://adopet-challenge.vercel.app/'.</msg>
<arg>url=https://adopet-challenge.vercel.app/</arg>
<arg>browser=Chrome</arg>
<doc>Opens a new browser instance to the optional ``url``.</doc>
<status status="PASS" start="2024-07-11T16:26:55.295624" elapsed="1.632227"/>
</kw>
<kw name="Maximize Browser Window" owner="SeleniumLibrary">
<doc>Maximizes current browser window.</doc>
<status status="PASS" start="2024-07-11T16:26:56.927851" elapsed="0.042420"/>
</kw>
<status status="PASS" start="2024-07-11T16:26:55.295624" elapsed="1.674647"/>
</kw>
<status status="PASS" start="2024-07-11T16:26:55.295624" elapsed="1.674647"/>
</kw>
<kw name="Quando o usuário clicar no icone menssagem" owner="register">
<kw name="Click Element" owner="SeleniumLibrary">
<msg time="2024-07-11T16:26:56.970271" level="INFO">Clicking element '//img[@alt='link para enviar mensagem']'.</msg>
<arg>//img[@alt='link para enviar mensagem']</arg>
<doc>Click the element identified by ``locator``.</doc>
<status status="PASS" start="2024-07-11T16:26:56.970271" elapsed="0.084470"/>
</kw>
<status status="PASS" start="2024-07-11T16:26:56.970271" elapsed="0.084470"/>
</kw>
<kw name="Então deve ser redirecionado para a página de login" owner="register">
<kw name="Location Should Be" owner="SeleniumLibrary">
<msg time="2024-07-11T16:26:57.064421" level="INFO">Current location is 'https://adopet-challenge.vercel.app/login'.</msg>
<arg>https://adopet-challenge.vercel.app/login</arg>
<doc>Verifies that the current URL is exactly ``url``.</doc>
<status status="PASS" start="2024-07-11T16:26:57.056187" elapsed="0.008234"/>
</kw>
<status status="PASS" start="2024-07-11T16:26:57.054741" elapsed="0.009680"/>
</kw>
<kw name="Fechar browser" owner="setup_teardown" type="TEARDOWN">
<kw name="Capture Page Screenshot" owner="SeleniumLibrary">
<msg time="2024-07-11T16:26:57.486620" level="INFO" html="true">&lt;/td&gt;&lt;/tr&gt;&lt;tr&gt;&lt;td colspan="3"&gt;&lt;a href="selenium-screenshot-9.png"&gt;&lt;img src="selenium-screenshot-9.png" width="800px"&gt;&lt;/a&gt;</msg>
<doc>Takes a screenshot of the current page and embeds it into a log file.</doc>
<status status="PASS" start="2024-07-11T16:26:57.065420" elapsed="0.421200"/>
</kw>
<status status="PASS" start="2024-07-11T16:26:57.065420" elapsed="0.421200"/>
</kw>
<status status="PASS" start="2024-07-11T16:26:53.668423" elapsed="3.818197"/>
</test>
<status status="PASS" start="2024-07-11T16:26:52.979997" elapsed="4.506623"/>
</suite>
<statistics>
<total>
<stat pass="1" fail="0" skip="0">All Tests</stat>
</total>
<tag>
</tag>
<suite>
<stat pass="1" fail="0" skip="0" id="s1" name="Sussecceful Scenario">Sussecceful Scenario</stat>
</suite>
</statistics>
<errors>
</errors>
</robot>
