<?xml version="1.0" encoding="UTF-8"?>
<robot generator="Robot 7.0.1 (Python 3.12.4 on win32)" generated="2024-06-29T10:07:38.728897" rpa="false" schemaversion="5">
<suite id="s1" name="Primeiro Teste" source="C:\Users\Micael\OneDrive\Área de Trabalho\Carreia Teste\Curso-Alura-Robot Framework\primeiro_teste.robot">
<test id="s1-t1" name="Verificar se os dado são preencidos no formulário e o card é criado no time corretamente." line="20">
<kw name="Dado que o usuário acesse o site organo">
<kw name="Open Browser" owner="SeleniumLibrary">
<msg time="2024-06-29T10:07:38.932026" level="INFO">Opening browser 'Chrome' to base url 'http://localhost:3000'.</msg>
<arg>url=http://localhost:3000</arg>
<arg>browser=Chrome</arg>
<doc>Opens a new browser instance to the optional ``url``.</doc>
<status status="PASS" start="2024-06-29T10:07:38.932026" elapsed="1.794324"/>
</kw>
<status status="PASS" start="2024-06-29T10:07:38.932026" elapsed="1.794324"/>
</kw>
<kw name="E preencha os campos do formulário">
<kw name="Input Text" owner="SeleniumLibrary">
<msg time="2024-06-29T10:07:40.727397" level="INFO">Typing text 'Akemi' into text field 'id:form-nome'.</msg>
<arg>id:form-nome</arg>
<arg>Akemi</arg>
<doc>Types the given ``text`` into the text field identified by ``locator``.</doc>
<status status="PASS" start="2024-06-29T10:07:40.727397" elapsed="0.092455"/>
</kw>
<kw name="Input Text" owner="SeleniumLibrary">
<msg time="2024-06-29T10:07:40.819852" level="INFO">Typing text 'Desenvolvedora' into text field 'id:form-cargo'.</msg>
<arg>id:form-cargo</arg>
<arg>Desenvolvedora</arg>
<doc>Types the given ``text`` into the text field identified by ``locator``.</doc>
<status status="PASS" start="2024-06-29T10:07:40.819852" elapsed="0.101559"/>
</kw>
<kw name="Input Text" owner="SeleniumLibrary">
<msg time="2024-06-29T10:07:40.921411" level="INFO">Typing text 'https://picsum.photos/200/300' into text field 'id:form-imagem'.</msg>
<arg>id:form-imagem</arg>
<arg>https://picsum.photos/200/300</arg>
<doc>Types the given ``text`` into the text field identified by ``locator``.</doc>
<status status="PASS" start="2024-06-29T10:07:40.921411" elapsed="0.125631"/>
</kw>
<kw name="Click Element" owner="SeleniumLibrary">
<msg time="2024-06-29T10:07:41.048045" level="INFO">Clicking element 'class:lista-suspensa'.</msg>
<arg>class:lista-suspensa</arg>
<doc>Click the element identified by ``locator``.</doc>
<status status="PASS" start="2024-06-29T10:07:41.048045" elapsed="0.053707"/>
</kw>
<kw name="Click Element" owner="SeleniumLibrary">
<msg time="2024-06-29T10:07:41.101752" level="INFO">Clicking element '//option[contains(.,'Programação')]'.</msg>
<arg>//option[contains(.,'Programação')]</arg>
<doc>Click the element identified by ``locator``.</doc>
<status status="PASS" start="2024-06-29T10:07:41.101752" elapsed="0.034593"/>
</kw>
<status status="PASS" start="2024-06-29T10:07:40.727397" elapsed="0.408948"/>
</kw>
<kw name="E clique no botão criar card">
<kw name="Click Element" owner="SeleniumLibrary">
<msg time="2024-06-29T10:07:41.136345" level="INFO">Clicking element 'id:form-botao'.</msg>
<arg>id:form-botao</arg>
<doc>Click the element identified by ``locator``.</doc>
<status status="PASS" start="2024-06-29T10:07:41.136345" elapsed="0.045021"/>
</kw>
<status status="PASS" start="2024-06-29T10:07:41.136345" elapsed="0.045021"/>
</kw>
<kw name="Então o card deve estar visível no time correto">
<kw name="Element Should Be Visible" owner="SeleniumLibrary">
<msg time="2024-06-29T10:07:41.199916" level="INFO">Element 'class:colaborador' is displayed.</msg>
<arg>class:colaborador</arg>
<doc>Verifies that the element identified by ``locator`` is visible.</doc>
<status status="PASS" start="2024-06-29T10:07:41.181366" elapsed="0.019547"/>
</kw>
<status status="PASS" start="2024-06-29T10:07:41.181366" elapsed="0.019547"/>
</kw>
<status status="PASS" start="2024-06-29T10:07:38.932026" elapsed="2.268887"/>
</test>
<status status="PASS" start="2024-06-29T10:07:38.728897" elapsed="2.473018"/>
</suite>
<statistics>
<total>
<stat pass="1" fail="0" skip="0">All Tests</stat>
</total>
<tag>
</tag>
<suite>
<stat pass="1" fail="0" skip="0" id="s1" name="Primeiro Teste">Primeiro Teste</stat>
</suite>
</statistics>
<errors>
</errors>
</robot>
