<?xml version="1.0" encoding="UTF-8"?>
<robot generator="Robot 7.0.1 (Python 3.12.4 on win32)" generated="2024-07-22T15:05:41.178620" rpa="false" schemaversion="5">
<suite id="s1" name="Faill Register" source="c:\Users\Micael\OneDrive\Área de Trabalho\Carreia Teste\Curso-Alura-Robot Framework\Site Adopet\testes\faill_register.robot">
<test id="s1-t1" name="CT002.003-Verificar quando o usuário inserir numero no campo nome" line="21">
<kw name="Acessar a URL" owner="setup_teardown" type="SETUP">
<kw name="Open Browser" owner="SeleniumLibrary">
<msg time="2024-07-22T15:05:41.912432" level="INFO">Opening browser 'Chrome' to base url 'https://adopet-challenge.vercel.app/'.</msg>
<arg>url=https://adopet-challenge.vercel.app/</arg>
<arg>browser=Chrome</arg>
<doc>Opens a new browser instance to the optional ``url``.</doc>
<status status="PASS" start="2024-07-22T15:05:41.912432" elapsed="1.680491"/>
</kw>
<status status="PASS" start="2024-07-22T15:05:41.912432" elapsed="1.680491"/>
</kw>
<kw name="Dado que o usuário clique em &quot;Quero me cadastrar&quot;" owner="register">
<kw name="Click Element" owner="SeleniumLibrary">
<msg time="2024-07-22T15:05:43.599341" level="INFO">Clicking element '//a[@href='/cadastro']'.</msg>
<arg>${CADASTRAR}</arg>
<doc>Click the element identified by ``locator``.</doc>
<status status="PASS" start="2024-07-22T15:05:43.598589" elapsed="0.093592"/>
</kw>
<status status="PASS" start="2024-07-22T15:05:43.592923" elapsed="0.099258"/>
</kw>
<kw name="Quando ele inserir um numero no campo &quot;nome&quot;" owner="register">
<kw name="Numerify" owner="FakerLibrary">
<msg time="2024-07-22T15:05:43.693181" level="INFO">${numero} = 438</msg>
<var>${numero}</var>
<doc>Generate a string with each placeholder in ``text`` replaced according
to the following rules:</doc>
<status status="PASS" start="2024-07-22T15:05:43.693181" elapsed="0.000000"/>
</kw>
<kw name="Input Text" owner="SeleniumLibrary">
<msg time="2024-07-22T15:05:43.694184" level="INFO">Typing text '438' into text field 'id:name'.</msg>
<arg>${CAMPO_NOME}</arg>
<arg>${numero}</arg>
<doc>Types the given ``text`` into the text field identified by ``locator``.</doc>
<status status="PASS" start="2024-07-22T15:05:43.694184" elapsed="0.114425"/>
</kw>
<status status="PASS" start="2024-07-22T15:05:43.693181" elapsed="0.115428"/>
</kw>
<kw name="Então deve ser apresentado a menssagem de &quot;caracter inválido&quot;" owner="register">
<kw name="Element Should Be Visible" owner="SeleniumLibrary">
<msg time="2024-07-22T15:05:44.059102" level="INFO" html="true">&lt;/td&gt;&lt;/tr&gt;&lt;tr&gt;&lt;td colspan="3"&gt;&lt;a href="selenium-screenshot-17.png"&gt;&lt;img src="selenium-screenshot-17.png" width="800px"&gt;&lt;/a&gt;</msg>
<msg time="2024-07-22T15:05:44.068584" level="FAIL">Element with locator '//div[@class='erro'][contains(.,'caracter inválido')]' not found.</msg>
<arg>//div[@class='erro'][contains(.,'caracter inválido')]</arg>
<doc>Verifies that the element identified by ``locator`` is visible.</doc>
<status status="FAIL" start="2024-07-22T15:05:43.809873" elapsed="0.259382">Element with locator '//div[@class='erro'][contains(.,'caracter inválido')]' not found.</status>
</kw>
<status status="FAIL" start="2024-07-22T15:05:43.808609" elapsed="0.260646">Element with locator '//div[@class='erro'][contains(.,'caracter inválido')]' not found.</status>
</kw>
<kw name="Fechar browser" owner="setup_teardown" type="TEARDOWN">
<kw name="Capture Page Screenshot" owner="SeleniumLibrary">
<msg time="2024-07-22T15:05:44.159232" level="INFO" html="true">&lt;/td&gt;&lt;/tr&gt;&lt;tr&gt;&lt;td colspan="3"&gt;&lt;a href="selenium-screenshot-18.png"&gt;&lt;img src="selenium-screenshot-18.png" width="800px"&gt;&lt;/a&gt;</msg>
<doc>Takes a screenshot of the current page and embeds it into a log file.</doc>
<status status="PASS" start="2024-07-22T15:05:44.069255" elapsed="0.089977"/>
</kw>
<status status="PASS" start="2024-07-22T15:05:44.069255" elapsed="0.089977"/>
</kw>
<status status="FAIL" start="2024-07-22T15:05:41.912432" elapsed="2.246800">Element with locator '//div[@class='erro'][contains(.,'caracter inválido')]' not found.</status>
</test>
<status status="FAIL" start="2024-07-22T15:05:41.183657" elapsed="2.975575"/>
</suite>
<statistics>
<total>
<stat pass="0" fail="1" skip="0">All Tests</stat>
</total>
<tag>
</tag>
<suite>
<stat pass="0" fail="1" skip="0" id="s1" name="Faill Register">Faill Register</stat>
</suite>
</statistics>
<errors>
</errors>
</robot>
