<?xml version="1.0" encoding="UTF-8"?>
<robot generator="Robot 7.0.1 (Python 3.12.4 on win32)" generated="2024-07-17T16:49:05.374787" rpa="false" schemaversion="5">
<suite id="s1" name="Sussecceful Icon" source="c:\Users\Micael\OneDrive\Área de Trabalho\Carreia Teste\Curso-Alura-Robot Framework\Site Adopet\testes\sussecceful_icon.robot">
<test id="s1-t1" name="CT003.002-Verificar icone menssagem na tela inicial" line="12">
<kw name="Acessar a URL" owner="setup_teardown" type="SETUP">
<kw name="Open Browser" owner="SeleniumLibrary">
<msg time="2024-07-17T16:49:05.969834" level="INFO">Opening browser 'Chrome' to base url 'https://adopet-challenge.vercel.app/'.</msg>
<arg>url=https://adopet-challenge.vercel.app/</arg>
<arg>browser=Chrome</arg>
<doc>Opens a new browser instance to the optional ``url``.</doc>
<status status="PASS" start="2024-07-17T16:49:05.969834" elapsed="1.584536"/>
</kw>
<status status="PASS" start="2024-07-17T16:49:05.969834" elapsed="1.588038"/>
</kw>
<kw name="Dado que o usuário clique no icone de menssagem" owner="home">
<kw name="Click Element" owner="SeleniumLibrary">
<msg time="2024-07-17T16:49:07.559890" level="INFO">Clicking element '//img[@alt='link para enviar mensagem']'.</msg>
<arg>//img[@alt='link para enviar mensagem']</arg>
<doc>Click the element identified by ``locator``.</doc>
<status status="PASS" start="2024-07-17T16:49:07.558885" elapsed="0.077727"/>
</kw>
<status status="PASS" start="2024-07-17T16:49:07.558885" elapsed="0.077727"/>
</kw>
<kw name="Então deve ser redirecionado para a página de login" owner="home">
<kw name="Location Should Be" owner="SeleniumLibrary">
<msg time="2024-07-17T16:49:07.646643" level="INFO">Current location is 'https://adopet-challenge.vercel.app/login'.</msg>
<arg>https://adopet-challenge.vercel.app/login</arg>
<doc>Verifies that the current URL is exactly ``url``.</doc>
<status status="PASS" start="2024-07-17T16:49:07.638606" elapsed="0.008037"/>
</kw>
<status status="PASS" start="2024-07-17T16:49:07.637798" elapsed="0.008845"/>
</kw>
<kw name="Fechar browser" owner="setup_teardown" type="TEARDOWN">
<kw name="Capture Page Screenshot" owner="SeleniumLibrary">
<msg time="2024-07-17T16:49:08.007184" level="INFO" html="true">&lt;/td&gt;&lt;/tr&gt;&lt;tr&gt;&lt;td colspan="3"&gt;&lt;a href="selenium-screenshot-9.png"&gt;&lt;img src="selenium-screenshot-9.png" width="800px"&gt;&lt;/a&gt;</msg>
<doc>Takes a screenshot of the current page and embeds it into a log file.</doc>
<status status="PASS" start="2024-07-17T16:49:07.648184" elapsed="0.359000"/>
</kw>
<status status="PASS" start="2024-07-17T16:49:07.648094" elapsed="0.359090"/>
</kw>
<status status="PASS" start="2024-07-17T16:49:05.969834" elapsed="2.037350"/>
</test>
<status status="PASS" start="2024-07-17T16:49:05.379787" elapsed="2.627397"/>
</suite>
<statistics>
<total>
<stat pass="1" fail="0" skip="0">All Tests</stat>
</total>
<tag>
</tag>
<suite>
<stat pass="1" fail="0" skip="0" id="s1" name="Sussecceful Icon">Sussecceful Icon</stat>
</suite>
</statistics>
<errors>
</errors>
</robot>
