<?xml version="1.0" encoding="UTF-8"?>
<robot generator="Robot 7.0.1 (Python 3.12.4 on win32)" generated="2024-07-16T16:22:48.235896" rpa="false" schemaversion="5">
<suite id="s1" name="Faill Scenario" source="C:\Users\Micael\OneDrive\Área de Trabalho\Carreia Teste\Curso-Alura-Robot Framework\Site Adopet\testes\faill_scenario.robot">
<test id="s1-t1" name="CT001.001-Verificar menssagens de erro quando o usuário não digitar email e senha na tela de login" line="9">
<kw name="Acessar a URL" owner="setup_teardown" type="SETUP">
<kw name="Open Browser" owner="SeleniumLibrary">
<msg time="2024-07-16T16:22:48.880864" level="INFO">Opening browser 'Chrome' to base url 'https://adopet-challenge.vercel.app/'.</msg>
<arg>url=https://adopet-challenge.vercel.app/</arg>
<arg>browser=Chrome</arg>
<doc>Opens a new browser instance to the optional ``url``.</doc>
<status status="PASS" start="2024-07-16T16:22:48.880864" elapsed="1.633110"/>
</kw>
<kw name="Maximize Browser Window" owner="SeleniumLibrary">
<doc>Maximizes current browser window.</doc>
<status status="PASS" start="2024-07-16T16:22:50.513974" elapsed="0.031218"/>
</kw>
<status status="PASS" start="2024-07-16T16:22:48.870843" elapsed="1.674349"/>
</kw>
<kw name="Dado que o usuário estejá na página de login" owner="register">
<kw name="Click Element" owner="SeleniumLibrary">
<msg time="2024-07-16T16:22:50.545192" level="INFO">Clicking element '//a[@href='/login']'.</msg>
<arg>//a[@href='/login']</arg>
<doc>Click the element identified by ``locator``.</doc>
<status status="PASS" start="2024-07-16T16:22:50.545192" elapsed="0.075136"/>
</kw>
<status status="PASS" start="2024-07-16T16:22:50.545192" elapsed="0.075136"/>
</kw>
<kw name="Quando clicar em entrar sem digitar as credenciais de login" owner="register">
<kw name="Click Element" owner="SeleniumLibrary">
<msg time="2024-07-16T16:22:50.622340" level="INFO">Clicking element 'class:submit-button'.</msg>
<arg>${CLICAR_BOTAO}</arg>
<doc>Click the element identified by ``locator``.</doc>
<status status="PASS" start="2024-07-16T16:22:50.622340" elapsed="0.049745"/>
</kw>
<status status="PASS" start="2024-07-16T16:22:50.621340" elapsed="0.050745"/>
</kw>
<kw name="Eentão deve receber as menssagens de erro &quot;Insira seu email&quot; e &quot;Insira sua Senha&quot;" owner="register">
<kw name="Element Should Be Visible" owner="SeleniumLibrary">
<msg time="2024-07-16T16:22:50.693869" level="INFO">Element '//div[contains(.,'Insira seu email')]' is displayed.</msg>
<arg>//div[contains(.,'Insira seu email')]</arg>
<doc>Verifies that the element identified by ``locator`` is visible.</doc>
<status status="PASS" start="2024-07-16T16:22:50.672085" elapsed="0.021784"/>
</kw>
<kw name="Element Should Be Visible" owner="SeleniumLibrary">
<msg time="2024-07-16T16:22:50.714150" level="INFO">Element '//div[@class='erro'][contains(.,'Insira sua senha')]' is displayed.</msg>
<arg>//div[@class='erro'][contains(.,'Insira sua senha')]</arg>
<doc>Verifies that the element identified by ``locator`` is visible.</doc>
<status status="PASS" start="2024-07-16T16:22:50.693869" elapsed="0.020281"/>
</kw>
<status status="PASS" start="2024-07-16T16:22:50.672085" elapsed="0.042065"/>
</kw>
<kw name="Fechar browser" owner="setup_teardown" type="TEARDOWN">
<kw name="Capture Page Screenshot" owner="SeleniumLibrary">
<msg time="2024-07-16T16:22:51.034296" level="INFO" html="true">&lt;/td&gt;&lt;/tr&gt;&lt;tr&gt;&lt;td colspan="3"&gt;&lt;a href="selenium-screenshot-1.png"&gt;&lt;img src="selenium-screenshot-1.png" width="800px"&gt;&lt;/a&gt;</msg>
<doc>Takes a screenshot of the current page and embeds it into a log file.</doc>
<status status="PASS" start="2024-07-16T16:22:50.714150" elapsed="0.320146"/>
</kw>
<status status="PASS" start="2024-07-16T16:22:50.714150" elapsed="0.321147"/>
</kw>
<status status="PASS" start="2024-07-16T16:22:48.870843" elapsed="2.164454"/>
</test>
<status status="PASS" start="2024-07-16T16:22:48.235896" elapsed="2.800408"/>
</suite>
<statistics>
<total>
<stat pass="1" fail="0" skip="0">All Tests</stat>
</total>
<tag>
</tag>
<suite>
<stat pass="1" fail="0" skip="0" id="s1" name="Faill Scenario">Faill Scenario</stat>
</suite>
</statistics>
<errors>
</errors>
</robot>
